Using pre-set license
Built from '2021.1/staging' branch; Version is '2021.1.5f1 (3737af19df53) revision 3618735'; Using compiler version '192528614'; Build Type 'Release'
OS: 'Windows 10 Pro; OS build 19042.1288; Version 2009; 64bit' Language: 'en' Physical Memory: 16300 MB
BatchMode: 1, IsHumanControllingUs: 0, StartBugReporterOnCrash: 0, Is64bit: 1, IsPro: 0

 COMMAND LINE ARGUMENTS:
C:\Program Files\Unity\Hub\Editor\2021.1.5f1\Editor\Unity.exe
-adb2
-batchMode
-noUpm
-name
AssetImportWorker0
-projectPath
C:/projects/Game Development 2D/2DBlockBreaker
-logFile
Logs/AssetImportWorker0.log
-srvPort
61005
Successfully changed project path to: C:/projects/Game Development 2D/2DBlockBreaker
C:/projects/Game Development 2D/2DBlockBreaker
Using Asset Import Pipeline V2.
Refreshing native plugins compatible for Editor in 61.17 ms, found 2 plugins.
Preloading 0 native plugins for Editor in 0.00 ms.
Initialize engine version: 2021.1.5f1 (3737af19df53)
[Subsystems] Discovering subsystems at path C:/Program Files/Unity/Hub/Editor/2021.1.5f1/Editor/Data/Resources/UnitySubsystems
[Subsystems] Discovering subsystems at path C:/projects/Game Development 2D/2DBlockBreaker/Assets
GfxDevice: creating device client; threaded=0; jobified=0
Direct3D:
    Version:  Direct3D 11.0 [level 11.1]
    Renderer: NVIDIA GeForce RTX 3060 Ti (ID=0x2486)
    Vendor:   NVIDIA
    VRAM:     8050 MB
    Driver:   30.0.14.7111
Initialize mono
Mono path[0] = 'C:/Program Files/Unity/Hub/Editor/2021.1.5f1/Editor/Data/Managed'
Mono path[1] = 'C:/Program Files/Unity/Hub/Editor/2021.1.5f1/Editor/Data/MonoBleedingEdge/lib/mono/unityjit'
Mono config path = 'C:/Program Files/Unity/Hub/Editor/2021.1.5f1/Editor/Data/MonoBleedingEdge/etc'
Using monoOptions --debugger-agent=transport=dt_socket,embedding=1,server=y,suspend=n,address=127.0.0.1:56348
Begin MonoManager ReloadAssembly
Registering precompiled unity dll's ...
Register platform support module: C:/Program Files/Unity/Hub/Editor/2021.1.5f1/Editor/Data/PlaybackEngines/WebGLSupport/UnityEditor.WebGL.Extensions.dll
Register platform support module: C:/Program Files/Unity/Hub/Editor/2021.1.5f1/Editor/Data/PlaybackEngines/WindowsStandaloneSupport/UnityEditor.WindowsStandalone.Extensions.dll
Registered in 0.001574 seconds.
Native extension for WindowsStandalone target not found
Native extension for WebGL target not found
Refreshing native plugins compatible for Editor in 65.87 ms, found 2 plugins.
Preloading 0 native plugins for Editor in 0.00 ms.
Mono: successfully reloaded assembly
- Completed reload, in  1.036 seconds
Platform modules already initialized, skipping
Registering precompiled user dll's ...
Registered in 0.002760 seconds.
Begin MonoManager ReloadAssembly
Native extension for WindowsStandalone target not found
Native extension for WebGL target not found
Refreshing native plugins compatible for Editor in 73.17 ms, found 2 plugins.
Preloading 0 native plugins for Editor in 0.00 ms.
Mono: successfully reloaded assembly
- Completed reload, in  1.019 seconds
Platform modules already initialized, skipping
========================================================================
Worker process is ready to serve import requests
Launched and connected shader compiler UnityShaderCompiler.exe after 0.03 seconds
Refreshing native plugins compatible for Editor in 0.67 ms, found 2 plugins.
Preloading 0 native plugins for Editor in 0.00 ms.
Unloading 3424 Unused Serialized files (Serialized files now loaded: 0)
System memory in use before: 131.3 MB.
System memory in use after: 131.3 MB.

Unloading 29 unused Assets to reduce memory usage. Loaded Objects now: 3879.
Total: 2.141822 ms (FindLiveObjects: 0.210152 ms CreateObjectMapping: 0.112025 ms MarkObjects: 1.716000 ms  DeleteObjects: 0.096940 ms)

========================================================================
Received Import Request.
  path: Assets/Scripts/Block.cs
  artifactKey: Guid(6f9a6fde4d9cfea4ea923eb9bffc2aa7) Importer(815301076,1909f56bfc062723c751e8b465ee728b)
Start importing Assets/Scripts/Block.cs using Guid(6f9a6fde4d9cfea4ea923eb9bffc2aa7) Importer(815301076,1909f56bfc062723c751e8b465ee728b)  -> (artifact id: '7bd3299fae261da41a67c6d83ea1c092') in 0.017794 seconds 
========================================================================
Received Import Request.
  Time since last request: 172.901581 seconds.
  path: Assets/Scripts/Block.cs
  artifactKey: Guid(6f9a6fde4d9cfea4ea923eb9bffc2aa7) Importer(815301076,1909f56bfc062723c751e8b465ee728b)
Start importing Assets/Scripts/Block.cs using Guid(6f9a6fde4d9cfea4ea923eb9bffc2aa7) Importer(815301076,1909f56bfc062723c751e8b465ee728b)  -> (artifact id: '15a46792f0d09bb6cda3f825a0a90866') in 0.002581 seconds 
========================================================================
Received Import Request.
  Time since last request: 5.222388 seconds.
  path: Assets/Scripts/Block.cs
  artifactKey: Guid(6f9a6fde4d9cfea4ea923eb9bffc2aa7) Importer(815301076,1909f56bfc062723c751e8b465ee728b)
Start importing Assets/Scripts/Block.cs using Guid(6f9a6fde4d9cfea4ea923eb9bffc2aa7) Importer(815301076,1909f56bfc062723c751e8b465ee728b)  -> (artifact id: '2f564fb64b29c461d1696ecb53fa5a72') in 0.003332 seconds 
========================================================================
Received Prepare
Registering precompiled user dll's ...
Registered in 0.002157 seconds.
Begin MonoManager ReloadAssembly
Native extension for WindowsStandalone target not found
Native extension for WebGL target not found
Refreshing native plugins compatible for Editor in 0.60 ms, found 2 plugins.
Preloading 0 native plugins for Editor in 0.00 ms.
Mono: successfully reloaded assembly
- Completed reload, in  0.837 seconds
Platform modules already initialized, skipping
Refreshing native plugins compatible for Editor in 0.64 ms, found 2 plugins.
Preloading 0 native plugins for Editor in 0.00 ms.
Unloading 3406 Unused Serialized files (Serialized files now loaded: 0)
System memory in use before: 130.0 MB.
System memory in use after: 130.1 MB.

Unloading 17 unused Assets to reduce memory usage. Loaded Objects now: 3883.
Total: 2.118565 ms (FindLiveObjects: 0.214343 ms CreateObjectMapping: 0.109302 ms MarkObjects: 1.708388 ms  DeleteObjects: 0.080317 ms)

========================================================================
Received Prepare
Registering precompiled user dll's ...
Registered in 0.002433 seconds.
Begin MonoManager ReloadAssembly
Native extension for WindowsStandalone target not found
Native extension for WebGL target not found
Refreshing native plugins compatible for Editor in 0.60 ms, found 2 plugins.
Preloading 0 native plugins for Editor in 0.00 ms.
Mono: successfully reloaded assembly
- Completed reload, in  0.828 seconds
Platform modules already initialized, skipping
Refreshing native plugins compatible for Editor in 0.65 ms, found 2 plugins.
Preloading 0 native plugins for Editor in 0.00 ms.
Unloading 3406 Unused Serialized files (Serialized files now loaded: 0)
System memory in use before: 130.0 MB.
System memory in use after: 130.1 MB.

Unloading 17 unused Assets to reduce memory usage. Loaded Objects now: 3887.
Total: 2.195251 ms (FindLiveObjects: 0.259251 ms CreateObjectMapping: 0.123479 ms MarkObjects: 1.723613 ms  DeleteObjects: 0.082343 ms)

========================================================================
Received Import Request.
  Time since last request: 224.876151 seconds.
  path: Assets/Scripts/Block.cs
  artifactKey: Guid(6f9a6fde4d9cfea4ea923eb9bffc2aa7) Importer(815301076,1909f56bfc062723c751e8b465ee728b)
Start importing Assets/Scripts/Block.cs using Guid(6f9a6fde4d9cfea4ea923eb9bffc2aa7) Importer(815301076,1909f56bfc062723c751e8b465ee728b)  -> (artifact id: '0edd350612fd787876877ef13f00dda2') in 0.005480 seconds 
========================================================================
Received Import Request.
  Time since last request: 0.133060 seconds.
  path: Assets/Prefabs/2-Hit Breakable.prefab
  artifactKey: Guid(dba24da91cc7ce1459a045085b099efc) Importer(815301076,1909f56bfc062723c751e8b465ee728b)
Start importing Assets/Prefabs/2-Hit Breakable.prefab using Guid(dba24da91cc7ce1459a045085b099efc) Importer(815301076,1909f56bfc062723c751e8b465ee728b)  -> (artifact id: '15ab6b88074fca3a682e0ee271be3be4') in 0.097163 seconds 
========================================================================
Received Import Request.
  Time since last request: 0.000128 seconds.
  path: Assets/Prefabs/Breakable Block.prefab
  artifactKey: Guid(6be40eaace6c008429a5cc58bd660b6a) Importer(815301076,1909f56bfc062723c751e8b465ee728b)
Start importing Assets/Prefabs/Breakable Block.prefab using Guid(6be40eaace6c008429a5cc58bd660b6a) Importer(815301076,1909f56bfc062723c751e8b465ee728b)  -> (artifact id: '719c09c3cef642b628c3f9fb5db6f3a3') in 0.010397 seconds 
========================================================================
Received Import Request.
  Time since last request: 0.000168 seconds.
  path: Assets/Prefabs/3-Hit Breakable.prefab
  artifactKey: Guid(58157886c1a02844487df41a38d5e76d) Importer(815301076,1909f56bfc062723c751e8b465ee728b)
Start importing Assets/Prefabs/3-Hit Breakable.prefab using Guid(58157886c1a02844487df41a38d5e76d) Importer(815301076,1909f56bfc062723c751e8b465ee728b)  -> (artifact id: '243c9ba56890251e6f0e858e972f78c4') in 0.009723 seconds 
========================================================================
Received Import Request.
  Time since last request: 0.000120 seconds.
  path: Assets/Prefabs/Unbreakable Block.prefab
  artifactKey: Guid(6d06d9ae550433b42b726bc6becffad9) Importer(815301076,1909f56bfc062723c751e8b465ee728b)
Start importing Assets/Prefabs/Unbreakable Block.prefab using Guid(6d06d9ae550433b42b726bc6becffad9) Importer(815301076,1909f56bfc062723c751e8b465ee728b)  -> (artifact id: '975369ffa4253fc9995bd1af076b9daa') in 0.008232 seconds 
========================================================================
Received Import Request.
  Time since last request: 107.539886 seconds.
  path: Assets/Scenes/Level 2.unity
  artifactKey: Guid(0b19d02a06b35da43bc0888ba1549527) Importer(815301076,1909f56bfc062723c751e8b465ee728b)
Start importing Assets/Scenes/Level 2.unity using Guid(0b19d02a06b35da43bc0888ba1549527) Importer(815301076,1909f56bfc062723c751e8b465ee728b)  -> (artifact id: '403b1bb3eb5eb6f332036f2e215d7acd') in 0.005719 seconds 
========================================================================
Received Prepare
Registering precompiled user dll's ...
Registered in 0.002322 seconds.
Begin MonoManager ReloadAssembly
Native extension for WindowsStandalone target not found
Native extension for WebGL target not found
Refreshing native plugins compatible for Editor in 0.60 ms, found 2 plugins.
Preloading 0 native plugins for Editor in 0.00 ms.
Mono: successfully reloaded assembly
- Completed reload, in  0.814 seconds
Platform modules already initialized, skipping
Refreshing native plugins compatible for Editor in 0.56 ms, found 2 plugins.
Preloading 0 native plugins for Editor in 0.00 ms.
Unloading 3406 Unused Serialized files (Serialized files now loaded: 0)
System memory in use before: 133.7 MB.
System memory in use after: 133.8 MB.

Unloading 17 unused Assets to reduce memory usage. Loaded Objects now: 3898.
Total: 2.099219 ms (FindLiveObjects: 0.224260 ms CreateObjectMapping: 0.111187 ms MarkObjects: 1.690368 ms  DeleteObjects: 0.067676 ms)

========================================================================
Received Import Request.
  Time since last request: 183.448508 seconds.
  path: Assets/Scripts/Ball.cs
  artifactKey: Guid(479de5e170891024498ae3976d747baa) Importer(815301076,1909f56bfc062723c751e8b465ee728b)
Start importing Assets/Scripts/Ball.cs using Guid(479de5e170891024498ae3976d747baa) Importer(815301076,1909f56bfc062723c751e8b465ee728b)  -> (artifact id: '9337e38d4df4feb61aad9bfbd47c226a') in 0.008339 seconds 
========================================================================
Received Prepare
Registering precompiled user dll's ...
Registered in 0.002273 seconds.
Begin MonoManager ReloadAssembly
Native extension for WindowsStandalone target not found
Native extension for WebGL target not found
Refreshing native plugins compatible for Editor in 0.69 ms, found 2 plugins.
Preloading 0 native plugins for Editor in 0.00 ms.
Mono: successfully reloaded assembly
- Completed reload, in  0.844 seconds
Platform modules already initialized, skipping
Refreshing native plugins compatible for Editor in 0.64 ms, found 2 plugins.
Preloading 0 native plugins for Editor in 0.00 ms.
Unloading 3406 Unused Serialized files (Serialized files now loaded: 0)
System memory in use before: 133.7 MB.
System memory in use after: 133.8 MB.

Unloading 17 unused Assets to reduce memory usage. Loaded Objects now: 3902.
Total: 2.439905 ms (FindLiveObjects: 0.276781 ms CreateObjectMapping: 0.142825 ms MarkObjects: 1.930762 ms  DeleteObjects: 0.082762 ms)

========================================================================
Received Import Request.
  Time since last request: 441.960343 seconds.
  path: Assets/Scripts/Ball.cs
  artifactKey: Guid(479de5e170891024498ae3976d747baa) Importer(815301076,1909f56bfc062723c751e8b465ee728b)
Start importing Assets/Scripts/Ball.cs using Guid(479de5e170891024498ae3976d747baa) Importer(815301076,1909f56bfc062723c751e8b465ee728b)  -> (artifact id: '93a51962d696a3c34d47b2be652a238f') in 0.005873 seconds 
========================================================================
Received Prepare
Registering precompiled user dll's ...
Registered in 0.002202 seconds.
Begin MonoManager ReloadAssembly
Native extension for WindowsStandalone target not found
Native extension for WebGL target not found
Refreshing native plugins compatible for Editor in 0.61 ms, found 2 plugins.
Preloading 0 native plugins for Editor in 0.00 ms.
Mono: successfully reloaded assembly
- Completed reload, in  0.803 seconds
Platform modules already initialized, skipping
Refreshing native plugins compatible for Editor in 0.57 ms, found 2 plugins.
Preloading 0 native plugins for Editor in 0.00 ms.
Unloading 3406 Unused Serialized files (Serialized files now loaded: 0)
System memory in use before: 133.8 MB.
System memory in use after: 133.9 MB.

Unloading 17 unused Assets to reduce memory usage. Loaded Objects now: 3906.
Total: 1.839968 ms (FindLiveObjects: 0.184940 ms CreateObjectMapping: 0.084159 ms MarkObjects: 1.497397 ms  DeleteObjects: 0.068165 ms)

========================================================================
Received Import Request.
  Time since last request: 123.823913 seconds.
  path: Assets/Prefabs/Ball.prefab
  artifactKey: Guid(919390a12801ef74786e5b6eff01b2f9) Importer(815301076,1909f56bfc062723c751e8b465ee728b)
Start importing Assets/Prefabs/Ball.prefab using Guid(919390a12801ef74786e5b6eff01b2f9) Importer(815301076,1909f56bfc062723c751e8b465ee728b)  -> (artifact id: '7edd9bd923298b3211015a142cf7d99f') in 0.065449 seconds 
